#
# There is insufficient memory for the Java Runtime Environment to continue.
# Native memory allocation (malloc) failed to allocate 1689376 bytes for Chunk::new
# Possible reasons:
#   The system is out of physical RAM or swap space
#   In 32 bit mode, the process size limit was hit
# Possible solutions:
#   Reduce memory load on the system
#   Increase physical memory or swap space
#   Check if swap backing store is full
#   Use 64 bit Java on a 64 bit OS
#   Decrease Java heap size (-Xmx/-Xms)
#   Decrease number of Java threads
#   Decrease Java thread stack sizes (-Xss)
#   Set larger code cache with -XX:ReservedCodeCacheSize=
# This output file may be truncated or incomplete.
#
#  Out of Memory Error (allocation.cpp:390), pid=7356, tid=3256
#
# JRE version: Java(TM) SE Runtime Environment (8.0_45-b15) (build 1.8.0_45-b15)
# Java VM: Java HotSpot(TM) 64-Bit Server VM (25.45-b02 mixed mode windows-amd64 compressed oops)
# Failed to write core dump. Minidumps are not enabled by default on client versions of Windows
#

---------------  T H R E A D  ---------------

Current thread (0x000000005651b800):  JavaThread "C2 CompilerThread0" daemon [_thread_in_native, id=3256, stack(0x0000000056d80000,0x0000000056e80000)]

Stack: [0x0000000056d80000,0x0000000056e80000]
Native frames: (J=compiled Java code, j=interpreted, Vv=VM code, C=native code)
V  [jvm.dll+0x32b57a]
V  [jvm.dll+0x279873]
V  [jvm.dll+0x27a509]
V  [jvm.dll+0x271825]
V  [jvm.dll+0xcb9e2]
V  [jvm.dll+0xcbeac]
V  [jvm.dll+0x476ef2]
V  [jvm.dll+0x4b955f]
V  [jvm.dll+0x46b6b5]
V  [jvm.dll+0x46ccbe]
V  [jvm.dll+0x4500f2]
V  [jvm.dll+0xa4352]
V  [jvm.dll+0xa4c8f]
V  [jvm.dll+0x241984]
V  [jvm.dll+0x29853a]
C  [msvcr100.dll+0x21d9f]
C  [msvcr100.dll+0x21e3b]
C  [kernel32.dll+0x159cd]
C  [ntdll.dll+0x2a561]


Current CompileTask:
C2:  11163 1344   !   4       com.android.dx.cf.code.BytecodeArray::parseInstruction (2764 bytes)


---------------  P R O C E S S  ---------------

Java Threads: ( => current thread )
  0x0000000056856800 JavaThread "pool-2-thread-4" [_thread_in_Java, id=6308, stack(0x0000000057360000,0x0000000057460000)]
  0x00000000577d1800 JavaThread "pool-2-thread-3" [_thread_blocked, id=7532, stack(0x0000000057fd0000,0x00000000580d0000)]
  0x00000000567ec000 JavaThread "pool-2-thread-2" [_thread_blocked, id=3616, stack(0x00000000576d0000,0x00000000577d0000)]
  0x00000000566d2800 JavaThread "pool-3-thread-1" [_thread_blocked, id=4068, stack(0x00000000575b0000,0x00000000576b0000)]
  0x00000000566d1800 JavaThread "pool-2-thread-1" [_thread_blocked, id=7156, stack(0x0000000057470000,0x0000000057570000)]
  0x00000000565ba000 JavaThread "Service Thread" daemon [_thread_blocked, id=3148, stack(0x0000000056fe0000,0x00000000570e0000)]
  0x0000000056528800 JavaThread "C1 CompilerThread2" daemon [_thread_blocked, id=7408, stack(0x0000000056c10000,0x0000000056d10000)]
  0x0000000056527800 JavaThread "C2 CompilerThread1" daemon [_thread_in_native, id=7336, stack(0x0000000056e80000,0x0000000056f80000)]
=>0x000000005651b800 JavaThread "C2 CompilerThread0" daemon [_thread_in_native, id=3256, stack(0x0000000056d80000,0x0000000056e80000)]
  0x0000000056518800 JavaThread "Attach Listener" daemon [_thread_blocked, id=6892, stack(0x0000000056b10000,0x0000000056c10000)]
  0x0000000055330800 JavaThread "Signal Dispatcher" daemon [_thread_blocked, id=5776, stack(0x0000000056910000,0x0000000056a10000)]
  0x00000000552d9000 JavaThread "Finalizer" daemon [_thread_in_vm_trans, id=7392, stack(0x0000000056410000,0x0000000056510000)]
  0x00000000552d2800 JavaThread "Reference Handler" daemon [_thread_blocked, id=7580, stack(0x00000000562d0000,0x00000000563d0000)]
  0x000000000245e000 JavaThread "main" [_thread_in_native, id=5888, stack(0x00000000027b0000,0x00000000028b0000)]

Other Threads:
  0x00000000552cf000 VMThread [stack: 0x00000000561d0000,0x00000000562d0000] [id=6104]
  0x00000000565cd000 WatcherThread [stack: 0x00000000571d0000,0x00000000572d0000] [id=5360]

VM state:not at safepoint (normal execution)

VM Mutex/Monitor currently owned by a thread: None

Heap:
 PSYoungGen      total 38400K, used 10002K [0x00000000eab00000, 0x00000000ef600000, 0x0000000100000000)
  eden space 33280K, 14% used [0x00000000eab00000,0x00000000eafcbb88,0x00000000ecb80000)
  from space 5120K, 99% used [0x00000000ed080000,0x00000000ed578d68,0x00000000ed580000)
  to   space 5120K, 0% used [0x00000000ecb80000,0x00000000ecb80000,0x00000000ed080000)
 ParOldGen       total 87552K, used 14816K [0x00000000c0000000, 0x00000000c5580000, 0x00000000eab00000)
  object space 87552K, 16% used [0x00000000c0000000,0x00000000c0e78030,0x00000000c5580000)
 Metaspace       used 5921K, capacity 6896K, committed 7040K, reserved 1058816K
  class space    used 591K, capacity 616K, committed 640K, reserved 1048576K

Card table byte_map: [0x0000000011c70000,0x0000000011e80000] byte_map_base: 0x0000000011670000

Marking Bits: (ParMarkBitMap*) 0x000000005c6e4040
 Begin Bits: [0x0000000012740000, 0x0000000013740000)
 End Bits:   [0x0000000013740000, 0x0000000014740000)

Polling page: 0x0000000000430000

CodeCache: size=245760Kb used=5731Kb max_used=5731Kb free=240028Kb
 bounds [0x00000000028b0000, 0x0000000002e50000, 0x00000000118b0000]
 total_blobs=1625 nmethods=1354 adapters=184
 compilation: enabled

Compilation events (10 events):
Event: 11.118 Thread 0x0000000056528800 nmethod 1353 0x0000000002e14350 code [0x0000000002e14500, 0x0000000002e14a48]
Event: 11.119 Thread 0x0000000056528800 1354       3       com.android.dx.ssa.DomFront::<init> (60 bytes)
Event: 11.119 Thread 0x0000000056528800 nmethod 1354 0x0000000002e2d250 code [0x0000000002e2d400, 0x0000000002e2da50]
Event: 11.122 Thread 0x0000000056528800 1355       3       com.android.dx.ssa.DomFront::buildDomTree (72 bytes)
Event: 11.123 Thread 0x0000000056528800 nmethod 1355 0x0000000002e2b6d0 code [0x0000000002e2b940, 0x0000000002e2c7a8]
Event: 11.123 Thread 0x0000000056528800 1356       3       com.android.dx.ssa.DomFront::run (264 bytes)
Event: 11.125 Thread 0x0000000056528800 nmethod 1356 0x0000000002e302d0 code [0x0000000002e30880, 0x0000000002e340d8]
Event: 11.125 Thread 0x0000000056528800 1357       3       com.android.dx.ssa.DomFront::calcDomFronts (154 bytes)
Event: 11.126 Thread 0x0000000056528800 nmethod 1357 0x0000000002e360d0 code [0x0000000002e36320, 0x0000000002e36ec8]
Event: 11.126 Thread 0x0000000056528800 1358       3       com.android.dx.ssa.SsaConverter::placePhiFunctions (394 bytes)

GC Heap History (4 events):
Event: 3.203 GC heap before
{Heap before GC invocations=1 (full 0):
 PSYoungGen      total 38400K, used 33280K [0x00000000eab00000, 0x00000000ed580000, 0x0000000100000000)
  eden space 33280K, 100% used [0x00000000eab00000,0x00000000ecb80000,0x00000000ecb80000)
  from space 5120K, 0% used [0x00000000ed080000,0x00000000ed080000,0x00000000ed580000)
  to   space 5120K, 0% used [0x00000000ecb80000,0x00000000ecb80000,0x00000000ed080000)
 ParOldGen       total 87552K, used 0K [0x00000000c0000000, 0x00000000c5580000, 0x00000000eab00000)
  object space 87552K, 0% used [0x00000000c0000000,0x00000000c0000000,0x00000000c5580000)
 Metaspace       used 5736K, capacity 6768K, committed 7040K, reserved 1058816K
  class space    used 585K, capacity 616K, committed 640K, reserved 1048576K
Event: 3.534 GC heap after
Heap after GC invocations=1 (full 0):
 PSYoungGen      total 38400K, used 5091K [0x00000000eab00000, 0x00000000ed580000, 0x0000000100000000)
  eden space 33280K, 0% used [0x00000000eab00000,0x00000000eab00000,0x00000000ecb80000)
  from space 5120K, 99% used [0x00000000ecb80000,0x00000000ed078f60,0x00000000ed080000)
  to   space 5120K, 0% used [0x00000000ed080000,0x00000000ed080000,0x00000000ed580000)
 ParOldGen       total 87552K, used 4887K [0x00000000c0000000, 0x00000000c5580000, 0x00000000eab00000)
  object space 87552K, 5% used [0x00000000c0000000,0x00000000c04c5c90,0x00000000c5580000)
 Metaspace       used 5736K, capacity 6768K, committed 7040K, reserved 1058816K
  class space    used 585K, capacity 616K, committed 640K, reserved 1048576K
}
Event: 11.099 GC heap before
{Heap before GC invocations=2 (full 0):
 PSYoungGen      total 38400K, used 38371K [0x00000000eab00000, 0x00000000ed580000, 0x0000000100000000)
  eden space 33280K, 100% used [0x00000000eab00000,0x00000000ecb80000,0x00000000ecb80000)
  from space 5120K, 99% used [0x00000000ecb80000,0x00000000ed078f60,0x00000000ed080000)
  to   space 5120K, 0% used [0x00000000ed080000,0x00000000ed080000,0x00000000ed580000)
 ParOldGen       total 87552K, used 4887K [0x00000000c0000000, 0x00000000c5580000, 0x00000000eab00000)
  object space 87552K, 5% used [0x00000000c0000000,0x00000000c04c5c90,0x00000000c5580000)
 Metaspace       used 5898K, capacity 6896K, committed 7040K, reserved 1058816K
  class space    used 591K, capacity 616K, committed 640K, reserved 1048576K
Event: 11.115 GC heap after
Heap after GC invocations=2 (full 0):
 PSYoungGen      total 38400K, used 5091K [0x00000000eab00000, 0x00000000ef600000, 0x0000000100000000)
  eden space 33280K, 0% used [0x00000000eab00000,0x00000000eab00000,0x00000000ecb80000)
  from space 5120K, 99% used [0x00000000ed080000,0x00000000ed578d68,0x00000000ed580000)
  to   space 5120K, 0% used [0x00000000ecb80000,0x00000000ecb80000,0x00000000ed080000)
 ParOldGen       total 87552K, used 14816K [0x00000000c0000000, 0x00000000c5580000, 0x00000000eab00000)
  object space 87552K, 16% used [0x00000000c0000000,0x00000000c0e78030,0x00000000c5580000)
 Metaspace       used 5898K, capacity 6896K, committed 7040K, reserved 1058816K
  class space    used 591K, capacity 616K, committed 640K, reserved 1048576K
}

Deoptimization events (10 events):
Event: 11.004 Thread 0x0000000056856800 Uncommon trap: reason=class_check action=maybe_recompile pc=0x0000000002dab8c0 method=com.android.dx.ssa.SsaMethod.isRegALocal(Lcom/android/dx/rop/code/RegisterSpec;)Z @ 16
Event: 11.004 Thread 0x0000000056856800 Uncommon trap: reason=class_check action=maybe_recompile pc=0x0000000002dab8c0 method=com.android.dx.ssa.SsaMethod.isRegALocal(Lcom/android/dx/rop/code/RegisterSpec;)Z @ 16
Event: 11.004 Thread 0x0000000056856800 Uncommon trap: reason=class_check action=maybe_recompile pc=0x0000000002dab8c0 method=com.android.dx.ssa.SsaMethod.isRegALocal(Lcom/android/dx/rop/code/RegisterSpec;)Z @ 16
Event: 11.004 Thread 0x0000000056856800 Uncommon trap: reason=unstable_if action=reinterpret pc=0x0000000002dafb74 method=com.android.dx.ssa.SCCP.simulateStmt(Lcom/android/dx/ssa/SsaInsn;)V @ 469
Event: 11.004 Thread 0x0000000056856800 Uncommon trap: reason=class_check action=maybe_recompile pc=0x0000000002dab8c0 method=com.android.dx.ssa.SsaMethod.isRegALocal(Lcom/android/dx/rop/code/RegisterSpec;)Z @ 16
Event: 11.005 Thread 0x0000000056856800 Uncommon trap: reason=unstable_if action=reinterpret pc=0x0000000002ca7580 method=com.android.dx.ssa.DeadCodeRemover.isCircularNoSideEffect(ILjava/util/BitSet;)Z @ 9
Event: 11.005 Thread 0x0000000056856800 Uncommon trap: reason=unstable_if action=reinterpret pc=0x0000000002ca8888 method=com.android.dx.ssa.DeadCodeRemover.isCircularNoSideEffect(ILjava/util/BitSet;)Z @ 9
Event: 11.025 Thread 0x0000000056856800 Uncommon trap: reason=unstable_if action=reinterpret pc=0x0000000002dd0c08 method=com.android.dx.util.BitIntSet.has(I)Z @ 8
Event: 11.028 Thread 0x0000000056856800 Uncommon trap: reason=unstable_if action=reinterpret pc=0x0000000002dcc4dc method=com.android.dx.dex.code.RopToDop.dopFor(Lcom/android/dx/rop/code/Insn;)Lcom/android/dx/dex/code/Dop; @ 747
Event: 11.029 Thread 0x0000000056856800 Uncommon trap: reason=unstable_if action=reinterpret pc=0x0000000002c59ad0 method=com.android.dx.ssa.SsaRenamer$BlockRenamer.addMapping(ILcom/android/dx/rop/code/RegisterSpec;)V @ 120

Internal exceptions (3 events):
Event: 0.055 Thread 0x000000000245e000 Exception <a 'java/lang/NoSuchMethodError': Method sun.misc.Unsafe.defineClass(Ljava/lang/String;[BII)Ljava/lang/Class; name or signature does not match> (0x00000000eab12c40) thrown at [C:\re\workspace\8-2-build-windows-amd64-cygwin\jdk8u45\3627\hotspot\sr3+ûšÜû«?
Event: 0.055 Thread 0x000000000245e000 Exception <a 'java/lang/NoSuchMethodError': Method sun.misc.Unsafe.prefetchRead(Ljava/lang/Object;J)V name or signature does not match> (0x00000000eab12ed0) thrown at [C:\re\workspace\8-2-build-windows-amd64-cygwin\jdk8u45\3627\hotspot\src\share\vm\prims\jLjàS´&@
Event: 11.003 Thread 0x0000000056856800 Implicit null exception at 0x0000000002d14cf6 to 0x0000000002d16549

Events (10 events):
Event: 11.079 Thread 0x0000000056856800 DEOPT UNPACKING pc=0x00000000028f787f sp=0x000000005745e528 mode 0
Event: 11.079 Thread 0x0000000056856800 DEOPT PACKING pc=0x0000000002d61efa sp=0x000000005745e7c0
Event: 11.079 Thread 0x0000000056856800 DEOPT UNPACKING pc=0x00000000028f787f sp=0x000000005745e528 mode 0
Event: 11.079 Thread 0x0000000056856800 DEOPT PACKING pc=0x0000000002d61efa sp=0x000000005745e7c0
Event: 11.079 Thread 0x0000000056856800 DEOPT UNPACKING pc=0x00000000028f787f sp=0x000000005745e528 mode 0
Event: 11.080 Thread 0x0000000056856800 DEOPT PACKING pc=0x0000000002d61efa sp=0x000000005745e7c0
Event: 11.080 Thread 0x0000000056856800 DEOPT UNPACKING pc=0x00000000028f787f sp=0x000000005745e528 mode 0
Event: 11.099 Executing VM operation: ParallelGCFailedAllocation
Event: 11.115 Executing VM operation: ParallelGCFailedAllocation done
Event: 11.128 Executing VM operation: RevokeBias


Dynamic libraries:
0x000000013f240000 - 0x000000013f277000 	C:\Program Files\Java\jdk1.8.0_45\bin\java.exe
0x0000000076fa0000 - 0x000000007714a000 	C:\Windows\SYSTEM32\ntdll.dll
0x0000000076d80000 - 0x0000000076e9f000 	C:\Windows\system32\kernel32.dll
0x000007fefce00000 - 0x000007fefce6a000 	C:\Windows\system32\KERNELBASE.dll
0x000007feff0d0000 - 0x000007feff1ab000 	C:\Windows\system32\ADVAPI32.dll
0x000007fefd500000 - 0x000007fefd59f000 	C:\Windows\system32\msvcrt.dll
0x000007feff210000 - 0x000007feff22f000 	C:\Windows\SYSTEM32\sechost.dll
0x000007fefde70000 - 0x000007fefdf9d000 	C:\Windows\system32\RPCRT4.dll
0x0000000076ea0000 - 0x0000000076f9a000 	C:\Windows\system32\USER32.dll
0x000007fefdfa0000 - 0x000007fefe007000 	C:\Windows\system32\GDI32.dll
0x000007fefd420000 - 0x000007fefd42e000 	C:\Windows\system32\LPK.dll
0x000007fefd070000 - 0x000007fefd13a000 	C:\Windows\system32\USP10.dll
0x000007fefb6c0000 - 0x000007fefb8b4000 	C:\Windows\WinSxS\amd64_microsoft.windows.common-controls_6595b64144ccf1df_6.0.7601.18837_none_fa3b1e3d17594757\COMCTL32.dll
0x000007feff230000 - 0x000007feff2a1000 	C:\Windows\system32\SHLWAPI.dll
0x000007fefd4d0000 - 0x000007fefd4fe000 	C:\Windows\system32\IMM32.DLL
0x000007fefefc0000 - 0x000007feff0c9000 	C:\Windows\system32\MSCTF.dll
0x000000005c770000 - 0x000000005c842000 	C:\Program Files\Java\jdk1.8.0_45\jre\bin\msvcr100.dll
0x000000005bee0000 - 0x000000005c763000 	C:\Program Files\Java\jdk1.8.0_45\jre\bin\server\jvm.dll
0x000007fef6cf0000 - 0x000007fef6cf9000 	C:\Windows\system32\WSOCK32.dll
0x000007fefde20000 - 0x000007fefde6d000 	C:\Windows\system32\WS2_32.dll
0x000007fefe090000 - 0x000007fefe098000 	C:\Windows\system32\NSI.dll
0x000007fef9e00000 - 0x000007fef9e3b000 	C:\Windows\system32\WINMM.dll
0x000007fefbd50000 - 0x000007fefbd5c000 	C:\Windows\system32\VERSION.dll
0x0000000077170000 - 0x0000000077177000 	C:\Windows\system32\PSAPI.DLL
0x000000005e0e0000 - 0x000000005e0ef000 	C:\Program Files\Java\jdk1.8.0_45\jre\bin\verify.dll
0x000000005e0b0000 - 0x000000005e0d9000 	C:\Program Files\Java\jdk1.8.0_45\jre\bin\java.dll
0x000000005c910000 - 0x000000005c926000 	C:\Program Files\Java\jdk1.8.0_45\jre\bin\zip.dll
0x000007fefe230000 - 0x000007fefefba000 	C:\Windows\system32\SHELL32.dll
0x000007fefd140000 - 0x000007fefd33c000 	C:\Windows\system32\ole32.dll
0x000007fefcc90000 - 0x000007fefcc9f000 	C:\Windows\system32\profapi.dll
0x000007feed360000 - 0x000007feed485000 	C:\Windows\system32\dbghelp.dll

VM Arguments:
jvm_args: -Djava.awt.headless=true -Xmx1024M -Dfile.encoding=x-windows-949 -Duser.country=KR -Duser.language=ko -Duser.variant 
java_command: com.android.dx.command.Main --dex --force-jumbo --num-threads=4 --multi-dex --output C:\Users\Administrator\Desktop\201703tv\moatv5\app\build\intermediates\transforms\dex\debug\folders\1000\5\slice_5 C:\Users\Administrator\Desktop\201703tv\moatv5\app\build\intermediates\transforms\instantRunSlicer\debug\folders\1\5\slice_5
java_class_path (initial): C:\Users\Administrator\AppData\Local\Android\sdk\build-tools\25.0.0\lib\dx.jar
Launcher Type: SUN_STANDARD

Environment Variables:
PATH=C:\ProgramData\Oracle\Java\javapath;C:\Program Files\Java\jdk1.7.0_79\bin;C:\Program Files (x86)\ePapyrus\Papyrus-PlugIn-web;C:\Program Files (x86)\ePapyrus\Papyrus-PlugIn-web\Addins;C:\Program Files (x86)\ePapyrus\Papyrus-PlugIn-ntas;C:\Program Files (x86)\ePapyrus\Papyrus-PlugIn-ntas\Addins;C:\Program Files\Git\cmd;C:\Program Files\Java\jdk1.7.0_79\bin
USERNAME=Administrator
OS=Windows_NT
PROCESSOR_IDENTIFIER=Intel64 Family 6 Model 60 Stepping 3, GenuineIntel



---------------  S Y S T E M  ---------------

OS: Windows 7 , 64 bit Build 7601 (6.1.7601.23714)

CPU:total 4 (4 cores per cpu, 1 threads per core) family 6 model 60 stepping 3, cmov, cx8, fxsr, mmx, sse, sse2, sse3, ssse3, sse4.1, sse4.2, popcnt, avx, avx2, aes, clmul, erms, lzcnt, tsc, tscinvbit, bmi1, bmi2

Memory: 4k page, physical 8324276k(1936468k free), swap 9955848k(18876k free)

vm_info: Java HotSpot(TM) 64-Bit Server VM (25.45-b02) for windows-amd64 JRE (1.8.0_45-b15), built on Apr 30 2015 12:40:44 by "java_re" with MS VC++ 10.0 (VS2010)

time: Mon Apr 17 22:58:46 2017
elapsed time: 11 seconds (0d 0h 0m 11s)

